Sender: LSF System <lsfadmin@cpt04>
Subject: Job 264488: <LongRange> in cluster <el> Exited

Job <LongRange> was submitted from host <frt> by user <somidi> in cluster <el>.
Job was executed on host(s) <cpt04>, in queue <normal>, as user <somidi> in cluster <el>.
</home/somidi> was used as the home directory.
</home/somidi/codes/CyclicX> was used as the working directory.
Started at Thu Nov 13 17:09:56 2014
Results reported at Thu Nov 13 17:09:57 2014

Your job looked like:

------------------------------------------------------------
# LSBATCH: User input
#!/bin/bash
#BSUB -L /bin/bash
#BSUB -o Longrange.stdout
#BSUB -e Longrange.stderr
#BSUB -J LongRange
#BSUB -q normal

cd /scratch/cluster/monthly/somidi/Long.Range.Interaction
/home/somidi/codes/CyclicX/covarying_signal_identification.py -i /home/somidi/archive/CyclicX/Peaks_quantif_normalized_annotated.txt -d /home/somidi/archive/CyclicX/Peaks_quantif_normalized_annotated.txt.distal.gz -g /home/somidi/archive/CyclicX/Peaks_quantif_normalized_annotated.txt.header > result
------------------------------------------------------------

Exited with exit code 1.

Resource usage summary:

    CPU time :               0.94 sec.
    Total Requested Memory : -
    Delta Memory :           -
    (Delta: the difference between total requested memory and actual max usage.)

The output (if any) follows:



PS:

Read file <Longrange.stderr> for stderr output of this job.

Sender: LSF System <lsfadmin@cpt04>
Subject: Job 264489: <LongRange> in cluster <el> Exited

Job <LongRange> was submitted from host <frt> by user <somidi> in cluster <el>.
Job was executed on host(s) <cpt04>, in queue <normal>, as user <somidi> in cluster <el>.
</home/somidi> was used as the home directory.
</home/somidi/codes/CyclicX> was used as the working directory.
Started at Thu Nov 13 17:13:21 2014
Results reported at Fri Nov 14 17:13:24 2014

Your job looked like:

------------------------------------------------------------
# LSBATCH: User input
#!/bin/bash
#BSUB -L /bin/bash
#BSUB -o Longrange.stdout
#BSUB -e Longrange.stderr
#BSUB -J LongRange
#BSUB -q normal

cd /scratch/cluster/monthly/somidi/Long.Range.Interaction
/home/somidi/codes/CyclicX/covarying_signal_identification.py -i Peaks_quantif_normalized_annotated.txt -d Peaks_quantif_normalized_annotated.txt.distal.gz -g Peaks_quantif_normalized_annotated.txt.header > result
------------------------------------------------------------

TERM_RUNLIMIT: job killed after reaching LSF run time limit.
Exited with exit code 140.

Resource usage summary:

    CPU time :               5835.00 sec.
    Max Memory :             197.98 MB
    Average Memory :         120.78 MB
    Total Requested Memory : -
    Delta Memory :           -
    (Delta: the difference between total requested memory and actual max usage.)
    Max Swap :               971 MB

    Max Processes :          8
    Max Threads :            9

The output (if any) follows:



PS:

Read file <Longrange.stderr> for stderr output of this job.

